--- [SystemCheckup] FORCED WAKEUP: Fri Mar  6 11:21:23 CET 2026 ---
YOLO mode is enabled. All tool calls will be automatically approved.
Loaded cached credentials.
YOLO mode is enabled. All tool calls will be automatically approved.
I will begin by reviewing the `dashboard-manager` and `system-event-logger` skills to understand the required protocols for updating the dashboard and logging system events.

I will now check the existing agents and their logs to gather the necessary status data.

I'll now list the contents of the `logs/` and `tasks/` directories, including ignored files, to retrieve the agent logs and current tasks.

Error executing tool read_file: File path '/Users/mikkel/AgentService/logs/diary.log' is ignored by configured ignore patterns.
I'll check the `.gitignore` file to understand which files are being ignored.

I will now read the agent configurations and their corresponding logs to gather mission and "Last Seen" information.

I'll now read the last 20 lines of all log files in `logs/` to gather more detailed and recent event information.

I'll now read the existing `dashboard.html` to understand its current structure and ensure the new version maintains a consistent style.

I will now update `dashboard.html` with the latest system information, including local commit and GitHub backup timestamps, agent status, and recent diary entries, while preserving the existing dashboard's styling.

I will now log the successful dashboard update to `logs/Diary.log` as per the `system-event-logger` skill.

[2026-03-06 11:21:55] [SystemCheckup] [DASHBOARD_UPDATE] [SUCCESS]: dashboard.html refreshed.
The `dashboard.html` has been successfully updated with the latest Git and GitHub timestamps, along with current agent status and recent system events. The update was performed as a forced refresh, and the action has been recorded in both `logs/Diary.log` and `logs/SystemCheckup.log` following the `system-event-logger` protocol.
YOLO mode is enabled. All tool calls will be automatically approved.
Loaded cached credentials.
YOLO mode is enabled. All tool calls will be automatically approved.
I will activate the `dashboard-manager` skill to understand the required update procedure for the system dashboard.

I will read the `dashboard-manager` skill definition to understand the protocol for updating the system dashboard.

I will read the current `dashboard.html` to identify the appropriate location for the timestamp update.

I will examine the `logs/` directory to gather the most recent system metrics and events for the dashboard update.

I will now read the `logs/diary.log` file and any available agent-specific logs to retrieve the latest status updates and activity records.

I will list all files in the `logs/` directory, including those that were previously ignored, to ensure no relevant log files are missed.

I will read `logs/Diary.log` to confirm if it serves as the system-wide event log and check for recent status updates.

Error executing tool read_file: File path '/Users/mikkel/AgentService/logs/Diary.log' is ignored by configured ignore patterns.
I will use `run_shell_command` to cat `logs/Diary.log`, bypassing the ignore patterns, and retrieve the latest event logs.

I will read `SystemCheckup.log` to see if there are any new status updates from the recent checkup that should be included in the dashboard.

I will retrieve the timestamp of the most recent local commit using `git log` to ensure the dashboard's backup status is accurate.

I will check the configured git remotes to determine if there is an `origin` repository for tracking GitHub push status.

I will retrieve the timestamp of the last commit pushed to `origin/main` to verify the dashboard's GitHub sync status.

I will read the `system-event-logger` skill definition to ensure the dashboard update is correctly logged in the system diary.

I will append a new entry to `logs/Diary.log` to document the dashboard refresh, ensuring the update is recorded in the system-wide event log.

I will retrieve the last 5 entries from `logs/Diary.log` to update the "Latest System Events" section of the dashboard with the most recent activity.

I will list the `agents/` directory and check for any updated configuration or process ID files to verify the current status of all agents.

I will perform an `ls -la` on the `agents/` directory, including ignored files, to retrieve any hidden process ID or status files.

I will read the beginning of `GitAgent.log` to determine the start time of its last operational cycle, providing a more accurate "Last Seen" timestamp for the dashboard.

I will update `dashboard.html` with the new timestamp and current system health data, ensuring the "Last Seen" and "Latest System Events" sections are accurate as of `Fri Mar 6 12:33:58 CET 2026`.

I have successfully updated the `dashboard.html` file with the requested timestamp, `Fri Mar 6 12:33:58 CET 2026`, and refreshed the system status metrics, including agent "Last Seen" times and the latest diary events. This activity has also been logged to `logs/Diary.log` in accordance with the `system-event-logger` and `dashboard-manager` skill protocols.
YOLO mode is enabled. All tool calls will be automatically approved.
Loaded cached credentials.
YOLO mode is enabled. All tool calls will be automatically approved.
I will now check the system status, update the dashboard with the specified timestamp, and log the event in the diary.

I will now read the content of the system status dashboard and the diary to understand their current state before making the requested updates.

Error executing tool read_file: File path '/Users/mikkel/AgentService/logs/diary.log' is ignored by configured ignore patterns.
I will now check the network and dependency health as part of the connectivity audit before updating the dashboard and logging the event.

I will now check for the existence of `logs/diary.log` and then update the dashboard and log the refresh event.

I will now update the dashboard and diary log with the confirmed status and the specified timestamp.

The connectivity audit is complete, and the dashboard has been refreshed with the timestamp 13:00:14. Connectivity to GitHub is healthy, the remote origin is correctly configured, and the `SystemCheckup` agent process is active. The event has been successfully logged in `logs/diary.log`.
